<?xml version="1.0" encoding="UTF-8"?>
<!-- Generated by org.testng.reporters.JUnitReportReporter -->
<testsuite hostname="DESKTOP-CPG5TUI" failures="0" tests="7" name="testScripts.HomePageTests" time="161.477" errors="0" timestamp="2024-03-25T12:01:20 IST" skipped="0">
  <testcase classname="testScripts.HomePageTests" name="VerifingMegaMenuSelectionInHomePage" time="12.677"/>
  <system-out/>
  <testcase classname="testScripts.HomePageTests" name="VerifingMIniCartBtnClickInHomePage" time="66.806"/>
  <system-out/>
  <testcase classname="testScripts.HomePageTests" name="VerifingSignInLinkInHomePage" time="11.977"/>
  <system-out/>
  <testcase classname="testScripts.HomePageTests" name="VerifingWishListLinkInHomePage" time="10.651"/>
  <system-out/>
  <testcase classname="testScripts.HomePageTests" name="VerifingUserLogOutInHomePage" time="22.959"/>
  <system-out/>
  <testcase classname="testScripts.HomePageTests" name="VerifingUserLoginInHomePage" time="19.852"/>
  <system-out/>
  <testcase classname="testScripts.HomePageTests" name="VerifingSearchFunctionalityInHomePage" time="16.555"/>
  <system-out/>
</testsuite> <!-- testScripts.HomePageTests -->
