<?xml version="1.0" encoding="UTF-8"?>
<!-- Generated by org.testng.reporters.JUnitReportReporter -->
<testsuite hostname="DESKTOP-CPG5TUI" failures="0" tests="1" name="testScripts.ReviewOrderTest" time="12.382" errors="0" timestamp="2024-03-25T12:01:20 IST" skipped="0">
  <testcase classname="testScripts.ReviewOrderTest" name="VerifyingPlaceOrderButtonClickInReviewOrderPage" time="12.382"/>
  <system-out/>
</testsuite> <!-- testScripts.ReviewOrderTest -->
