<?xml version="1.0" encoding="UTF-8"?>
<!-- Generated by org.testng.reporters.JUnitReportReporter -->
<testsuite hostname="DESKTOP-P9MM3AH" failures="0" tests="9" name="testScripts.ClpPageTests" time="187.160" errors="0" timestamp="2024-03-04T14:03:19 IST" skipped="0">
  <testcase classname="testScripts.ClpPageTests" name="VerifingViewFullDetailsInQuickshopModal_CLP_InPLP" time="20.504"/>
  <system-out/>
  <testcase classname="testScripts.ClpPageTests" name="VerifingAttributesInQuickshopModal_CLP_InPLP" time="26.177"/>
  <system-out/>
  <testcase classname="testScripts.ClpPageTests" name="VerifingClpPageLinkInHomepageforCLPpageView" time="21.709"/>
  <system-out/>
  <testcase classname="testScripts.ClpPageTests" name="VerifingClpPageAddToWishListINCLP" time="7.449"/>
  <system-out/>
  <testcase classname="testScripts.ClpPageTests" name="VerifingCustomInputQuantityInQuickshopModal_CLP_InPLP" time="21.060"/>
  <system-out/>
  <testcase classname="testScripts.ClpPageTests" name="VerifingAddtoCartInQuickshopModal_CLP_InPLP" time="26.164"/>
  <system-out/>
  <testcase classname="testScripts.ClpPageTests" name="VerifingClpPageRemoveFromWishListINCLP" time="15.946"/>
  <system-out/>
  <testcase classname="testScripts.ClpPageTests" name="VerifingClpPageProductLinkINCLP" time="10.583"/>
  <system-out/>
  <testcase classname="testScripts.ClpPageTests" name="VerifingCloseBtnInQuickshopModal_CLP_InPLP" time="37.568"/>
  <system-out/>
</testsuite> <!-- testScripts.ClpPageTests -->
