<?xml version="1.0" encoding="UTF-8"?>
<!-- Generated by org.testng.reporters.JUnitReportReporter -->
<testsuite hostname="DESKTOP-CPG5TUI" failures="0" tests="10" name="testScripts.PaymentPageGiftCerificationTests" time="453.381" errors="0" timestamp="2024-03-22T15:45:41 IST" skipped="0">
  <testcase classname="testScripts.PaymentPageGiftCerificationTests" name="VerifyingEmptyGiftInPaymentPage" time="175.666"/>
  <system-out/>
  <testcase classname="testScripts.PaymentPageGiftCerificationTests" name="VerifyingInvalidGcErrorMsgInPaymentPage" time="9.453"/>
  <system-out/>
  <testcase classname="testScripts.PaymentPageGiftCerificationTests" name="VerifyingGiftCardsCheckBalanceEmptyInputInPaymentPage" time="7.372"/>
  <system-out/>
  <testcase classname="testScripts.PaymentPageGiftCerificationTests" name="VerifyingSuccesMessageForValidGcApplied" time="205.191"/>
  <system-out/>
  <testcase classname="testScripts.PaymentPageGiftCerificationTests" name="VerifyingRemoveGcInPaymentPage" time="5.387"/>
  <system-out/>
  <testcase classname="testScripts.PaymentPageGiftCerificationTests" name="VerifyingDifferentGcUserInPaymentPage" time="9.452"/>
  <system-out/>
  <testcase classname="testScripts.PaymentPageGiftCerificationTests" name="VerifyingInsufficientGcInPaymentPage" time="9.433"/>
  <system-out/>
  <testcase classname="testScripts.PaymentPageGiftCerificationTests" name="VerifyingGiftCardsCheckBalanceInvalidInputInPaymentPage" time="10.508"/>
  <system-out/>
  <testcase classname="testScripts.PaymentPageGiftCerificationTests" name="VerifyingGiftCardsCheckBalanceInsufficientInputInPaymentPage" time="10.467"/>
  <system-out/>
  <testcase classname="testScripts.PaymentPageGiftCerificationTests" name="VerifyingGiftCardsCheckBalanceValidInputInPaymentPage" time="10.452"/>
  <system-out/>
</testsuite> <!-- testScripts.PaymentPageGiftCerificationTests -->
