<?xml version="1.0" encoding="UTF-8"?>
<!-- Generated by org.testng.reporters.JUnitReportReporter -->
<testsuite hostname="DESKTOP-CPG5TUI" failures="0" tests="44" name="testScripts.MyAccountPageCreditCardTests" time="393.196" errors="0" timestamp="2024-03-22T15:45:41 IST" skipped="0">
  <testcase classname="testScripts.MyAccountPageCreditCardTests" name="VerifyingBrainTreeCreditCardAlreadyHaveCreditCardInkInMyAccountPage" time="0.107"/>
  <system-out/>
  <testcase classname="testScripts.MyAccountPageCreditCardTests" name="VerifyingStripeCreditCardPaymentlPageHomeLinkInkInMyAccountPage" time="0.160"/>
  <system-out/>
  <testcase classname="testScripts.MyAccountPageCreditCardTests" name="VerifyingCyberSourceCreditCardPaymentlPageRemovePOPUPOKbtnLinkInkInMyAccountPage" time="23.562"/>
  <system-out/>
  <testcase classname="testScripts.MyAccountPageCreditCardTests" name="VerifyingCyberSourceCreditCardEmptyFormInkInMyAccountPage" time="24.035"/>
  <system-out/>
  <testcase classname="testScripts.MyAccountPageCreditCardTests" name="VerifyingStripeCreditCardFormPagePaymentLinkInkInMyAccountPage" time="0.165"/>
  <system-out/>
  <testcase classname="testScripts.MyAccountPageCreditCardTests" name="VerifyingCyberSourceCreditCardPaymentlPageRemovePOPUPCancelbtnLinkInkInMyAccountPage" time="23.408"/>
  <system-out/>
  <testcase classname="testScripts.MyAccountPageCreditCardTests" name="VerifyingStripeCreditCardExpDateErrorInkInMyAccountPage" time="0.129"/>
  <system-out/>
  <testcase classname="testScripts.MyAccountPageCreditCardTests" name="VerifyingCyberSourceCreditCardNameInkInMyAccountPage" time="22.936"/>
  <system-out/>
  <testcase classname="testScripts.MyAccountPageCreditCardTests" name="VerifyingBrainTreeCreditCardCancelButtonInkInMyAccountPage" time="0.153"/>
  <system-out/>
  <testcase classname="testScripts.MyAccountPageCreditCardTests" name="VerifyingBrainTreeCreditCardEnterNameFormInkInMyAccountPage" time="0.129"/>
  <system-out/>
  <testcase classname="testScripts.MyAccountPageCreditCardTests" name="VerifyingStripeCreditCardFormPageMyAccountLinkInkInMyAccountPage" time="0.138"/>
  <system-out/>
  <testcase classname="testScripts.MyAccountPageCreditCardTests" name="VerifyingBrainTreeCreditCardValidDetailsFormInkInMyAccountPage" time="0.111"/>
  <system-out/>
  <testcase classname="testScripts.MyAccountPageCreditCardTests" name="VerifyingStripeCreditCardPaymentlPageBackToMyAccountLinkInkInMyAccountPage" time="0.163"/>
  <system-out/>
  <testcase classname="testScripts.MyAccountPageCreditCardTests" name="VerifyingStripeCreditCardPaymentlPageHomeMyAccountLinkInkInMyAccountPage" time="0.160"/>
  <system-out/>
  <testcase classname="testScripts.MyAccountPageCreditCardTests" name="VerifyingStripeCreditCardViewLinkInkInMyAccountPage" time="7.979"/>
  <system-out/>
  <testcase classname="testScripts.MyAccountPageCreditCardTests" name="VerifyingCyberSourceCreditCardFormPageMyAccountLinkInkInMyAccountPage" time="23.293"/>
  <system-out/>
  <testcase classname="testScripts.MyAccountPageCreditCardTests" name="VerifyingCyberSourceCreditCardExpDateInkInMyAccountPage" time="24.262"/>
  <system-out/>
  <testcase classname="testScripts.MyAccountPageCreditCardTests" name="VerifyingStripeCreditCardFormPageCancelBtnInkInMyAccountPage" time="0.132"/>
  <system-out/>
  <testcase classname="testScripts.MyAccountPageCreditCardTests" name="VerifyingCyberSourceCreditCardFormPageHomeLinkInkInMyAccountPage" time="22.991"/>
  <system-out/>
  <testcase classname="testScripts.MyAccountPageCreditCardTests" name="VerifyingCyberSourceCreditCardFormPagePaymentLinkInkInMyAccountPage" time="25.733"/>
  <system-out/>
  <testcase classname="testScripts.MyAccountPageCreditCardTests" name="VerifyingStripeCreditCardCVVErrorInkInMyAccountPage" time="0.124"/>
  <system-out/>
  <testcase classname="testScripts.MyAccountPageCreditCardTests" name="VerifyingStripeCreditCardPaymentlPageRemovePOPUPCancelbtnLinkInkInMyAccountPage" time="0.160"/>
  <system-out/>
  <testcase classname="testScripts.MyAccountPageCreditCardTests" name="VerifyingStripeCreditCardValidDeatilsAndSubmitFormInkInMyAccountPage" time="0.129"/>
  <system-out/>
  <testcase classname="testScripts.MyAccountPageCreditCardTests" name="VerifyingBrainTreeCreditCardEmptyFormInkInMyAccountPage" time="0.106"/>
  <system-out/>
  <testcase classname="testScripts.MyAccountPageCreditCardTests" name="VerifyingStripeCreditCardEmptyFormInkInMyAccountPage" time="0.135"/>
  <system-out/>
  <testcase classname="testScripts.MyAccountPageCreditCardTests" name="VerifyingStripeCreditCardInvalidCardNumberInkInMyAccountPage" time="0.125"/>
  <system-out/>
  <testcase classname="testScripts.MyAccountPageCreditCardTests" name="VerifyingCyberSourceCreditCardFormPageCancelBtnInkInMyAccountPage" time="23.322"/>
  <system-out/>
  <testcase classname="testScripts.MyAccountPageCreditCardTests" name="VerifyingStripeCreditCardFormPageHomeLinkInkInMyAccountPage" time="0.140"/>
  <system-out/>
  <testcase classname="testScripts.MyAccountPageCreditCardTests" name="VerifyingBrainTreeCreditCardEnterNameandNumberFormInkInMyAccountPage" time="0.108"/>
  <system-out/>
  <testcase classname="testScripts.MyAccountPageCreditCardTests" name="VerifyingCyberSourceCreditCardPaymentlPageBackToMyAccountLinkInkInMyAccountPage" time="24.154"/>
  <system-out/>
  <testcase classname="testScripts.MyAccountPageCreditCardTests" name="VerifyingBrainTreeCreditCardEnterNameNumberandCvvFormInkInMyAccountPage" time="0.114"/>
  <system-out/>
  <testcase classname="testScripts.MyAccountPageCreditCardTests" name="VerifyingStripeCreditCardFormPageInkInMyAccountPage" time="0.120"/>
  <system-out/>
  <testcase classname="testScripts.MyAccountPageCreditCardTests" name="VerifyingStripeCreditCardPostalCodeErrorInkInMyAccountPage" time="0.124"/>
  <system-out/>
  <testcase classname="testScripts.MyAccountPageCreditCardTests" name="VerifyingBrainTreeCreditCardFormInkInMyAccountPage" time="14.550"/>
  <system-out/>
  <testcase classname="testScripts.MyAccountPageCreditCardTests" name="VerifyingBrainTreeCreditCardMakeAsaDefaultCreditCardInkInMyAccountPage" time="0.021"/>
  <system-out/>
  <testcase classname="testScripts.MyAccountPageCreditCardTests" name="VerifyingCyberSourceCreditCardViewLinkInkInMyAccountPage" time="23.418"/>
  <system-out/>
  <testcase classname="testScripts.MyAccountPageCreditCardTests" name="VerifyingCyberSourceCreditCardFormPageInkInMyAccountPage" time="24.116"/>
  <system-out/>
  <testcase classname="testScripts.MyAccountPageCreditCardTests" name="VerifyingCyberSourceCreditCardPaymentlPageHomeMyAccountLinkInkInMyAccountPage" time="25.444"/>
  <system-out/>
  <testcase classname="testScripts.MyAccountPageCreditCardTests" name="VerifyingCyberSourceCreditCardValidDeatilsAndSubmitFormInkInMyAccountPage" time="7.776"/>
  <system-out/>
  <testcase classname="testScripts.MyAccountPageCreditCardTests" name="VerifyingCyberSourceCreditCardInvalidCardNumberInkInMyAccountPage" time="15.291"/>
  <system-out/>
  <testcase classname="testScripts.MyAccountPageCreditCardTests" name="VerifyingStripeCreditCardPaymentlPageRemovePOPUPOKbtnLinkInkInMyAccountPage" time="0.172"/>
  <system-out/>
  <testcase classname="testScripts.MyAccountPageCreditCardTests" name="VerifyingCyberSourceCreditCardPaymentlPageHomeLinkInkInMyAccountPage" time="10.175"/>
  <system-out/>
  <testcase classname="testScripts.MyAccountPageCreditCardTests" name="VerifyingCyberSourceCreditCardNumberInkInMyAccountPage" time="23.604"/>
  <system-out/>
  <testcase classname="testScripts.MyAccountPageCreditCardTests" name="VerifyingBrainTreeCreditCardRemoveCreditCardInkInMyAccountPage" time="0.022"/>
  <system-out/>
</testsuite> <!-- testScripts.MyAccountPageCreditCardTests -->
