<?xml version="1.0" encoding="UTF-8"?>
<!-- Generated by org.testng.reporters.JUnitReportReporter -->
<testsuite hostname="DESKTOP-CPG5TUI" failures="0" tests="1" name="browser.launchBrowsering" time="7.515" errors="0" timestamp="2024-04-01T15:55:38 IST" skipped="0">
  <testcase classname="browser.launchBrowsering" name="VerifingHomePageLaunching" time="7.515"/>
  <system-out/>
</testsuite> <!-- browser.launchBrowsering -->
