<?xml version="1.0" encoding="UTF-8"?>
<!-- Generated by org.testng.reporters.JUnitReportReporter -->
<testsuite hostname="DESKTOP-CPG5TUI" failures="0" tests="15" name="testScripts.LoginPageTest" time="233.035" errors="0" timestamp="2024-03-22T15:45:41 IST" skipped="0">
  <testcase classname="testScripts.LoginPageTest" name="VerifyingLoginFailureWithEmptyPassword" time="7.575"/>
  <system-out/>
  <testcase classname="testScripts.LoginPageTest" name="VerifyingErroorMessageForInCorrectBillingZipCode" time="8.809"/>
  <system-out/>
  <testcase classname="testScripts.LoginPageTest" name="VerifyingInvalidEmailforgotpasswordInLoginPage" time="13.334"/>
  <system-out/>
  <testcase classname="testScripts.LoginPageTest" name="VerifyingLoginFailureWithEmptyEmail" time="7.515"/>
  <system-out/>
  <testcase classname="testScripts.LoginPageTest" name="VerifyingEmptyFieldErrorInCheckOrder" time="5.239"/>
  <system-out/>
  <testcase classname="testScripts.LoginPageTest" name="VerifyingforgotpasswordInLoginPage" time="50.010"/>
  <system-out/>
  <testcase classname="testScripts.LoginPageTest" name="VerifyingLoginFailureWithInvalidEmailFormat" time="7.608"/>
  <system-out/>
  <testcase classname="testScripts.LoginPageTest" name="VerifyingLoginFailureWithIncorrectCredentials" time="11.746"/>
  <system-out/>
  <testcase classname="testScripts.LoginPageTest" name="VerifyingemptyemailforgotpasswordInLoginPage" time="7.189"/>
  <system-out/>
  <testcase classname="testScripts.LoginPageTest" name="VerifyingCheckOrderWithValidDetails" time="12.401"/>
  <system-out/>
  <testcase classname="testScripts.LoginPageTest" name="VerifyingErrorMessageForInCompleteEmail" time="8.796"/>
  <system-out/>
  <testcase classname="testScripts.LoginPageTest" name="VerifyingErrorMessageForInvalidEmail" time="16.020"/>
  <system-out/>
  <testcase classname="testScripts.LoginPageTest" name="VerifyingValidEmailforgotpasswordAndCloseThePopUpInLoginPage" time="15.647"/>
  <system-out/>
  <testcase classname="testScripts.LoginPageTest" name="VerifyingLoginFailureWithEmptyEmailAndPassword" time="51.914"/>
  <system-out/>
  <testcase classname="testScripts.LoginPageTest" name="VerifyingLoginWithValidCredentials" time="9.232"/>
  <system-out/>
</testsuite> <!-- testScripts.LoginPageTest -->
