<?xml version="1.0" encoding="UTF-8"?>
<!-- Generated by org.testng.reporters.JUnitReportReporter -->
<testsuite hostname="DESKTOP-CPG5TUI" failures="0" tests="21" name="testScripts.MyAccountPageWishListTests" time="344.448" errors="0" timestamp="2024-03-22T15:45:41 IST" skipped="0">
  <testcase classname="testScripts.MyAccountPageWishListTests" name="VerifyingGmailLinkOnWishlistInMyAccountPage" time="6.180"/>
  <system-out/>
  <testcase classname="testScripts.MyAccountPageWishListTests" name="VerifyingTwitterLinkOnWishlistInMyAccountPage" time="6.302"/>
  <system-out/>
  <testcase classname="testScripts.MyAccountPageWishListTests" name="VerifyingViewLinkOnWishListInMyAccountPage" time="15.879"/>
  <system-out/>
  <testcase classname="testScripts.MyAccountPageWishListTests" name="VerifyingReoveFuctionalityOnWishListInMyAccountPage" time="9.215"/>
  <system-out/>
  <testcase classname="testScripts.MyAccountPageWishListTests" name="VerifyingCopyLinkOnWishlistInMyAccountPage" time="7.232"/>
  <system-out/>
  <testcase classname="testScripts.MyAccountPageWishListTests" name="VerifyingAddtocartButtonOnWishListPageInMyAccountPage" time="6.719"/>
  <system-out/>
  <testcase classname="testScripts.MyAccountPageWishListTests" name="VerifyingselectAttributespopupAttributesOnWishListPageInMyAccountPage" time="26.664"/>
  <system-out/>
  <testcase classname="testScripts.MyAccountPageWishListTests" name="VerifyingselectAttributesClosebuttonOnWishListPageInMyAccountPage" time="5.185"/>
  <system-out/>
  <testcase classname="testScripts.MyAccountPageWishListTests" name="VerifyingHomeLinkOnWishlistPageInMyAccountPage" time="10.523"/>
  <system-out/>
  <testcase classname="testScripts.MyAccountPageWishListTests" name="VerifyingselectAttributespopupUpdateButtonOnWishListPageInMyAccountPage" time="21.814"/>
  <system-out/>
  <testcase classname="testScripts.MyAccountPageWishListTests" name="VerifyingselectAttributesLinkOnWishListPageInMyAccountPage" time="10.234"/>
  <system-out/>
  <testcase classname="testScripts.MyAccountPageWishListTests" name="VerifyingFacebookLinkOnWishlistInMyAccountPage" time="6.355"/>
  <system-out/>
  <testcase classname="testScripts.MyAccountPageWishListTests" name="VerifyingCustomInputOnWishListPageInMyAccountPage" time="21.313"/>
  <system-out/>
  <testcase classname="testScripts.MyAccountPageWishListTests" name="VerifyingEditpopupAttributesOnWishListPageInMyAccountPage" time="41.329"/>
  <system-out/>
  <testcase classname="testScripts.MyAccountPageWishListTests" name="VerifyingEditClosebuttonOnWishListPageInMyAccountPage" time="5.170"/>
  <system-out/>
  <testcase classname="testScripts.MyAccountPageWishListTests" name="VerifyingMyAccountLinkOnWishlistPageInMyAccountPage" time="45.785"/>
  <system-out/>
  <testcase classname="testScripts.MyAccountPageWishListTests" name="VerifyingRemoveFromWishListOnWishListPageInMyAccountPage" time="12.236"/>
  <system-out/>
  <testcase classname="testScripts.MyAccountPageWishListTests" name="VerifyingBackToMyAccountLinkOnWishlistPageInMyAccountPage" time="23.519"/>
  <system-out/>
  <testcase classname="testScripts.MyAccountPageWishListTests" name="VerifyingEditpopupUpdateButtonOnWishListPageInMyAccountPage" time="46.234"/>
  <system-out/>
  <testcase classname="testScripts.MyAccountPageWishListTests" name="VerifyingPintersetsLinkOnWishlistInMyAccountPage" time="6.318"/>
  <system-out/>
  <testcase classname="testScripts.MyAccountPageWishListTests" name="VerifyingEditLinkOnWishListPageInMyAccountPage" time="10.242"/>
  <system-out/>
</testsuite> <!-- testScripts.MyAccountPageWishListTests -->
