<?xml version="1.0" encoding="UTF-8"?>
<!-- Generated by org.testng.reporters.JUnitReportReporter -->
<testsuite hostname="DESKTOP-CPG5TUI" failures="0" tests="13" name="testScripts.EditPaymentsFromReviewOrderPageTest" time="2191.045" errors="0" timestamp="2024-03-22T15:45:41 IST" skipped="0">
  <testcase classname="testScripts.EditPaymentsFromReviewOrderPageTest" name="verifyingTheEditInPaymentInReviewOrderPageFromPaypalToGiftCertificateAndPaypal" time="104.973"/>
  <system-out/>
  <testcase classname="testScripts.EditPaymentsFromReviewOrderPageTest" name="verifyingTheEditInPaymentInReviewOrderPageFromPaypalToCombinationOfGiftCertificateAndCreditCard" time="102.230"/>
  <system-out/>
  <testcase classname="testScripts.EditPaymentsFromReviewOrderPageTest" name="verifyingTheEditInPaymentInReviewOrderPageFromCreditCardToGiftCertificate" time="228.556"/>
  <system-out/>
  <testcase classname="testScripts.EditPaymentsFromReviewOrderPageTest" name="verifyingTheEditInPaymentInReviewOrderPageFromCombinationOfGiftCertificateAndPaypalToGiftCertificate" time="132.045"/>
  <system-out/>
  <testcase classname="testScripts.EditPaymentsFromReviewOrderPageTest" name="verifyingTheEditInPaymentInReviewOrderPageFromPaypalToCreditCard" time="102.971"/>
  <system-out/>
  <testcase classname="testScripts.EditPaymentsFromReviewOrderPageTest" name="verifyingTheEditInPaymentInReviewOrderPageFromCombinationOfGiftCertificateAndPaypalToPaypal" time="129.220"/>
  <system-out/>
  <testcase classname="testScripts.EditPaymentsFromReviewOrderPageTest" name="verifyingTheEditInPaymentInReviewOrderPageFromCombinationOfGiftCertificateAndCreditCardToGiftCertificate" time="212.070"/>
  <system-out/>
  <testcase classname="testScripts.EditPaymentsFromReviewOrderPageTest" name="verifyingTheEditInPaymentInReviewOrderPageFromPaypalToGiftCertificate" time="154.877"/>
  <system-out/>
  <testcase classname="testScripts.EditPaymentsFromReviewOrderPageTest" name="verifyingTheEditInPaymentInReviewOrderPageFromCombinationOfGiftCertificateAndCreditCardToCreditCard" time="276.435"/>
  <system-out/>
  <testcase classname="testScripts.EditPaymentsFromReviewOrderPageTest" name="verifyingTheEditInPaymentInReviewOrderPageFromCreditCardToCombinationOfGiftCertificateAndPaypal" time="107.671"/>
  <system-out/>
  <testcase classname="testScripts.EditPaymentsFromReviewOrderPageTest" name="verifyingTheEditInPaymentInReviewOrderPageFromGiftCertificateToCreditCard" time="267.446"/>
  <system-out/>
  <testcase classname="testScripts.EditPaymentsFromReviewOrderPageTest" name="verifyingTheEditInPaymentInReviewOrderPageFromCreditCardToPaypal" time="191.530"/>
  <system-out/>
  <testcase classname="testScripts.EditPaymentsFromReviewOrderPageTest" name="verifyingTheEditInPaymentInReviewOrderPageFromGiftCertificateToPaypal" time="181.021"/>
  <system-out/>
</testsuite> <!-- testScripts.EditPaymentsFromReviewOrderPageTest -->
