<?xml version="1.0" encoding="UTF-8"?>
<!-- Generated by org.testng.reporters.JUnitReportReporter -->
<testsuite hostname="DESKTOP-CPG5TUI" failures="0" tests="14" name="testScripts.MyAccountPageAddNewAddressTests" time="320.095" errors="0" timestamp="2024-03-22T15:45:41 IST" skipped="0">
  <testcase classname="testScripts.MyAccountPageAddNewAddressTests" name="VerifyingAddNewAddressPageAddress1InMyAccountPage" time="15.037"/>
  <system-out/>
  <testcase classname="testScripts.MyAccountPageAddNewAddressTests" name="VerifingAddNewAddressPageHomeInMyAccountPage" time="35.503"/>
  <system-out/>
  <testcase classname="testScripts.MyAccountPageAddNewAddressTests" name="VerifingAddNewAddressPageBackToMyAccountInMyAccountPage" time="38.613"/>
  <system-out/>
  <testcase classname="testScripts.MyAccountPageAddNewAddressTests" name="VerifyingAddNewAddressPageAddressTitleErrorInMyAccountPage" time="18.185"/>
  <system-out/>
  <testcase classname="testScripts.MyAccountPageAddNewAddressTests" name="VerifyingAddNewAddressPageEmptyFormInMyAccountPage" time="17.193"/>
  <system-out/>
  <testcase classname="testScripts.MyAccountPageAddNewAddressTests" name="VerifingAddNewAddressPageCancelInMyAccountPage" time="21.679"/>
  <system-out/>
  <testcase classname="testScripts.MyAccountPageAddNewAddressTests" name="VerifyingAddNewAddressPagePhoneErrorInMyAccountPage" time="18.068"/>
  <system-out/>
  <testcase classname="testScripts.MyAccountPageAddNewAddressTests" name="VerifyingAddNewAddressPageFirstNameErrorInMyAccountPage" time="18.163"/>
  <system-out/>
  <testcase classname="testScripts.MyAccountPageAddNewAddressTests" name="VerifyingAddNewAddressPageAddressBookLInkInMyAccountPage" time="11.764"/>
  <system-out/>
  <testcase classname="testScripts.MyAccountPageAddNewAddressTests" name="VerifingAddNewAddressPageMyAccountlinkInMyAccountPage" time="34.881"/>
  <system-out/>
  <testcase classname="testScripts.MyAccountPageAddNewAddressTests" name="VerifyingAddNewAddressPageAddressTitleAlreadyExistsErrorInMyAccountPage" time="21.260"/>
  <system-out/>
  <testcase classname="testScripts.MyAccountPageAddNewAddressTests" name="VerifyingAddNewAddressPageViewInMyAccountPage" time="27.358"/>
  <system-out/>
  <testcase classname="testScripts.MyAccountPageAddNewAddressTests" name="VerifyingAddNewAddressPageLastNameErrorInMyAccountPage" time="19.138"/>
  <system-out/>
  <testcase classname="testScripts.MyAccountPageAddNewAddressTests" name="VerifyingAddNewAddressPageValidDetailsInMyAccountPage" time="23.253"/>
  <system-out/>
</testsuite> <!-- testScripts.MyAccountPageAddNewAddressTests -->
