<?xml version="1.0" encoding="UTF-8"?>
<!-- Generated by org.testng.reporters.JUnitReportReporter -->
<testsuite hostname="DESKTOP-CPG5TUI" failures="0" tests="39" name="testScripts.WishlistPageTests" time="1134.112" errors="0" timestamp="2024-03-22T15:45:41 IST" skipped="0">
  <testcase classname="testScripts.WishlistPageTests" name="VerifyingEditpopupUpdateButtoninWishListPage" time="46.278"/>
  <system-out/>
  <testcase classname="testScripts.WishlistPageTests" name="VerifyingLoginFailureWithEmptyEmailInWishListPage" time="7.536"/>
  <system-out/>
  <testcase classname="testScripts.WishlistPageTests" name="VerifyingLoginFailureWithInvalidEmailFormatInWishListPage" time="7.637"/>
  <system-out/>
  <testcase classname="testScripts.WishlistPageTests" name="VerifyingCrateAccountwithValidDetatisInWishListPage" time="20.731"/>
  <system-out/>
  <testcase classname="testScripts.WishlistPageTests" name="VerifyingErrorMessagesEnter_FName_LName_Phone_EmailInCreatingAccOnWishListPage" time="19.085"/>
  <system-out/>
  <testcase classname="testScripts.WishlistPageTests" name="VerifyingMoreButtonClickInWishlist" time="32.356"/>
  <system-out/>
  <testcase classname="testScripts.WishlistPageTests" name="VerifyingselectAttributesClosebuttoninWishListPage" time="5.168"/>
  <system-out/>
  <testcase classname="testScripts.WishlistPageTests" name="VerifyingErrorMessagesEnterFNameInCreatingAccOnWishListPage" time="12.519"/>
  <system-out/>
  <testcase classname="testScripts.WishlistPageTests" name="VerifyingErrorMessagesEnter_FName_LName_Phone_Email_CEmailInCreatingAccOnWishListPage" time="20.335"/>
  <system-out/>
  <testcase classname="testScripts.WishlistPageTests" name="VerifyingHomeLinkinWishListPage" time="14.017"/>
  <system-out/>
  <testcase classname="testScripts.WishlistPageTests" name="VerifingInvaidEmailInPOPUPForgotPasswordInWishListPage" time="6.284"/>
  <system-out/>
  <testcase classname="testScripts.WishlistPageTests" name="VerifyingErrorMessagePasswordMissMatchInWishListPage" time="17.615"/>
  <system-out/>
  <testcase classname="testScripts.WishlistPageTests" name="VerifyingLoginFailureWithIncorrectCredentialsInWishListPage" time="11.694"/>
  <system-out/>
  <testcase classname="testScripts.WishlistPageTests" name="VerifyingLoginWithValidCredentialsInWishListPage" time="8.898"/>
  <system-out/>
  <testcase classname="testScripts.WishlistPageTests" name="VerifyingProductsinWishList" time="13.190"/>
  <system-out/>
  <testcase classname="testScripts.WishlistPageTests" name="VerifingEmptyFormInWishListPage" time="9.277"/>
  <system-out/>
  <testcase classname="testScripts.WishlistPageTests" name="VerifingCreateAccountLinkInWishListPage" time="245.882"/>
  <system-out/>
  <testcase classname="testScripts.WishlistPageTests" name="VerifyingselectAttributespopupAttributesinWishListPage" time="38.959"/>
  <system-out/>
  <testcase classname="testScripts.WishlistPageTests" name="VerifyingEditClosebuttoninWishListPage" time="5.163"/>
  <system-out/>
  <testcase classname="testScripts.WishlistPageTests" name="VerifyingselectAttributespopupUpdateButtoninWishListPage" time="33.922"/>
  <system-out/>
  <testcase classname="testScripts.WishlistPageTests" name="VerifyingselectAttributesLinkinWishListPage" time="10.241"/>
  <system-out/>
  <testcase classname="testScripts.WishlistPageTests" name="VerifyingErrorMessageEMailMissMatchInWishListPage" time="17.738"/>
  <system-out/>
  <testcase classname="testScripts.WishlistPageTests" name="VerifyingEditLinkinWishListPage" time="10.228"/>
  <system-out/>
  <testcase classname="testScripts.WishlistPageTests" name="VerifyingErrorMessageMailAlreadyExistsInWishListPage" time="17.743"/>
  <system-out/>
  <testcase classname="testScripts.WishlistPageTests" name="VerifyingErrorMessagesEnter_FName_LName_Phone_Email_CEmail_PWDsInCreatingAccOnWishListPage" time="21.510"/>
  <system-out/>
  <testcase classname="testScripts.WishlistPageTests" name="VerifingEmptyEmailInPOPUPForgotPasswordInWishListPage" time="7.193"/>
  <system-out/>
  <testcase classname="testScripts.WishlistPageTests" name="VerifyingErrorMessagesEnter_FName_LName_PhoneInCreatingAccOnWishListPage" time="17.896"/>
  <system-out/>
  <testcase classname="testScripts.WishlistPageTests" name="VerifyingErrorMessagesEnter_FName_LNameInCreatingAccOnWishListPage" time="16.689"/>
  <system-out/>
  <testcase classname="testScripts.WishlistPageTests" name="VerifyingEditpopupAttributesinWishListPage" time="56.225"/>
  <system-out/>
  <testcase classname="testScripts.WishlistPageTests" name="VerifyingErrorMessageInvalidEmailInWishListPage" time="17.690"/>
  <system-out/>
  <testcase classname="testScripts.WishlistPageTests" name="VerifyingErrorMessagePasswordStrengthInWishListPage" time="19.638"/>
  <system-out/>
  <testcase classname="testScripts.WishlistPageTests" name="VerifyingAddtocartButtoninWishListPage" time="7.223"/>
  <system-out/>
  <testcase classname="testScripts.WishlistPageTests" name="VerifingValidEmailInPOPUPForgotPasswordInWishListPage" time="13.513"/>
  <system-out/>
  <testcase classname="testScripts.WishlistPageTests" name="VerifyingRemoveFromWishListinWishListPage" time="12.223"/>
  <system-out/>
  <testcase classname="testScripts.WishlistPageTests" name="VerifyingCustomInputinWishListPage" time="25.889"/>
  <system-out/>
  <testcase classname="testScripts.WishlistPageTests" name="VerifingForgotPasswordLinkInWishListPage" time="255.473"/>
  <system-out/>
  <testcase classname="testScripts.WishlistPageTests" name="VerifyingLoginFailureWithEmptyEmailAndPasswordInWishListPage" time="5.194"/>
  <system-out/>
  <testcase classname="testScripts.WishlistPageTests" name="VerifyingErrorMessageInvalidPhoneNumberInWishListPage" time="17.657"/>
  <system-out/>
  <testcase classname="testScripts.WishlistPageTests" name="VerifyingLoginFailureWithEmptyPasswordInWishListPage" time="7.603"/>
  <system-out/>
</testsuite> <!-- testScripts.WishlistPageTests -->
