<?xml version="1.0" encoding="UTF-8"?>
<!-- Generated by org.testng.reporters.JUnitReportReporter -->
<testsuite hostname="DESKTOP-CPG5TUI" failures="0" tests="4" name="testScripts.MyAccountPagePaypalTest" time="185.125" errors="0" timestamp="2024-03-22T15:45:41 IST" skipped="0">
  <testcase classname="testScripts.MyAccountPagePaypalTest" name="VerifyingTheDisplayOfPaypalSectionAndAddNewButton_Etc_InMyAccountInBrainTree" time="46.549"/>
  <system-out/>
  <testcase classname="testScripts.MyAccountPagePaypalTest" name="VerifyingTheAddingOfPaypalInMyAccountInBrainTree" time="45.734"/>
  <system-out/>
  <testcase classname="testScripts.MyAccountPagePaypalTest" name="VerifyingTheRemovalOfPaypalAccountInMyAccountInBrainTree" time="46.652"/>
  <system-out/>
  <testcase classname="testScripts.MyAccountPagePaypalTest" name="VerifyingTheMakeDefaultPaymentOfPaypalAccountInMyAccountInBrainTree" time="46.190"/>
  <system-out/>
</testsuite> <!-- testScripts.MyAccountPagePaypalTest -->
