<?xml version="1.0" encoding="UTF-8"?>
<!-- Generated by org.testng.reporters.JUnitReportReporter -->
<testsuite hostname="DESKTOP-CPG5TUI" failures="0" tests="1" name="testScripts.ProductDetailPageTest" time="28.133" errors="0" timestamp="2024-04-01T15:55:38 IST" skipped="0">
  <testcase classname="testScripts.ProductDetailPageTest" name="VerifingWishlistFunctionalityInPDP" time="28.133"/>
  <system-out/>
</testsuite> <!-- testScripts.ProductDetailPageTest -->
