<?xml version="1.0" encoding="UTF-8"?>
<!-- Generated by org.testng.reporters.JUnitReportReporter -->
<testsuite hostname="DESKTOP-CPG5TUI" failures="0" tests="2" name="testScripts.MiniCartPageTests" time="60.086" errors="0" timestamp="2024-03-25T12:01:20 IST" skipped="0">
  <testcase classname="testScripts.MiniCartPageTests" name="VerifingViewCartBtnClickInMiniCart" time="28.071"/>
  <system-out/>
  <testcase classname="testScripts.MiniCartPageTests" name="VerifingCheckOutBtnClickInMiniCart" time="32.015"/>
  <system-out/>
</testsuite> <!-- testScripts.MiniCartPageTests -->
