<?xml version="1.0" encoding="UTF-8"?>
<!-- Generated by org.testng.reporters.JUnitReportReporter -->
<testsuite hostname="DESKTOP-CPG5TUI" failures="0" tests="11" name="testScripts.MyAccountPageEditProileTests" time="177.452" errors="0" timestamp="2024-03-22T15:45:41 IST" skipped="0">
  <testcase classname="testScripts.MyAccountPageEditProileTests" name="VerifingEditprofileHomeInMyAccountPage" time="8.247"/>
  <system-out/>
  <testcase classname="testScripts.MyAccountPageEditProileTests" name="VerifingEditprofileEmptyFormInMyAccountPage" time="21.124"/>
  <system-out/>
  <testcase classname="testScripts.MyAccountPageEditProileTests" name="VerifingEditprofileMyAccountlinkInMyAccountPage" time="31.619"/>
  <system-out/>
  <testcase classname="testScripts.MyAccountPageEditProileTests" name="VerifingEditprofileEmailMissMatchInMyAccountPage" time="15.402"/>
  <system-out/>
  <testcase classname="testScripts.MyAccountPageEditProileTests" name="VerifingEditprofileValidDetalsInMyAccountPage" time="15.424"/>
  <system-out/>
  <testcase classname="testScripts.MyAccountPageEditProileTests" name="VerifingEditprofilePWDmissMatchInMyAccountPage" time="15.499"/>
  <system-out/>
  <testcase classname="testScripts.MyAccountPageEditProileTests" name="VerifingEditprofileInvalidEmailInMyAccountPage" time="15.432"/>
  <system-out/>
  <testcase classname="testScripts.MyAccountPageEditProileTests" name="VerifingEditprofileInvalidPhoneNumberInMyAccountPage" time="15.458"/>
  <system-out/>
  <testcase classname="testScripts.MyAccountPageEditProileTests" name="VerifingEditprofileBackToMyAccountInMyAccountPage" time="15.011"/>
  <system-out/>
  <testcase classname="testScripts.MyAccountPageEditProileTests" name="VerifingEditprofileCancelInMyAccountPage" time="16.228"/>
  <system-out/>
  <testcase classname="testScripts.MyAccountPageEditProileTests" name="VerifingEditprofilelinkInMyAccountPage" time="8.008"/>
  <system-out/>
</testsuite> <!-- testScripts.MyAccountPageEditProileTests -->
