<?xml version="1.0" encoding="UTF-8"?>
<!-- Generated by org.testng.reporters.JUnitReportReporter -->
<testsuite hostname="DESKTOP-CPG5TUI" failures="0" tests="6" name="testScripts.BuyNowTest" time="498.183" errors="0" timestamp="2024-03-22T15:45:41 IST" skipped="0">
  <testcase classname="testScripts.BuyNowTest" name="VerifyingTheEnableOfBuyNowButtonAfterSelectingTheAttributes" time="21.920"/>
  <system-out/>
  <testcase classname="testScripts.BuyNowTest" name="VerifyingTheDisplayOfCreditCardInBuyNowPopAndSameInOrderConfirmationPage" time="143.029"/>
  <system-out/>
  <testcase classname="testScripts.BuyNowTest" name="VerifyingPlaceOrderWithBuyNowPopUp" time="112.955"/>
  <system-out/>
  <testcase classname="testScripts.BuyNowTest" name="VerifyingTheTotalPriceInBuyNowPopUpWhetherItIsCalculatingTheTax" time="24.888"/>
  <system-out/>
  <testcase classname="testScripts.BuyNowTest" name="VerifyingThePurchaseFromBuyNowPopUpByClosingIt" time="35.971"/>
  <system-out/>
  <testcase classname="testScripts.BuyNowTest" name="VerifyingPlaceOrderWithBuyNowButton" time="159.420"/>
  <system-out/>
</testsuite> <!-- testScripts.BuyNowTest -->
