<?xml version="1.0" encoding="UTF-8"?>
<!-- Generated by org.testng.reporters.JUnitReportReporter -->
<testsuite hostname="DESKTOP-CPG5TUI" failures="0" tests="3" name="testScripts.FooterPageTest" time="39.994" errors="0" timestamp="2024-03-22T15:45:41 IST" skipped="0">
  <testcase classname="testScripts.FooterPageTest" name="VerifyingResourceFooterLinks" time="31.959"/>
  <system-out/>
  <testcase classname="testScripts.FooterPageTest" name="VerifyinginvalidEmailInEmailSignUpBox" time="0.000"/>
  <system-out/>
  <testcase classname="testScripts.FooterPageTest" name="VerifyingValidEmailInSighUpBoxInFooter" time="8.035"/>
  <system-out/>
</testsuite> <!-- testScripts.FooterPageTest -->
