<?xml version="1.0" encoding="UTF-8"?>
<!-- Generated by org.testng.reporters.JUnitReportReporter -->
<testsuite hostname="DESKTOP-CPG5TUI" failures="0" tests="11" name="testScripts.MyAccountPageEditAddressPageTests" time="254.780" errors="0" timestamp="2024-03-22T15:45:41 IST" skipped="0">
  <testcase classname="testScripts.MyAccountPageEditAddressPageTests" name="VerifingeditAddressEditAddressBackToMyAccountInMyAccountPage" time="20.337"/>
  <system-out/>
  <testcase classname="testScripts.MyAccountPageEditAddressPageTests" name="VerifingeditAddressEditAddressHomeInMyAccountPage" time="20.367"/>
  <system-out/>
  <testcase classname="testScripts.MyAccountPageEditAddressPageTests" name="VerifyingEditAddressPagePhoneErrorInMyAccountPage" time="16.894"/>
  <system-out/>
  <testcase classname="testScripts.MyAccountPageEditAddressPageTests" name="VerifyingEditAddressPageAddress1InMyAccountPage" time="13.781"/>
  <system-out/>
  <testcase classname="testScripts.MyAccountPageEditAddressPageTests" name="VerifyingEditAddressPageEmptyFormInMyAccountPage" time="26.988"/>
  <system-out/>
  <testcase classname="testScripts.MyAccountPageEditAddressPageTests" name="VerifingeditAddressEditAddressCancelInMyAccountPage" time="31.543"/>
  <system-out/>
  <testcase classname="testScripts.MyAccountPageEditAddressPageTests" name="VerifingeditAddressEditAddressMyAccountlinkInMyAccountPage" time="47.215"/>
  <system-out/>
  <testcase classname="testScripts.MyAccountPageEditAddressPageTests" name="VerifyingEditAddressPageFirstNameErrorInMyAccountPage" time="16.898"/>
  <system-out/>
  <testcase classname="testScripts.MyAccountPageEditAddressPageTests" name="VerifyingEditAddressPageLastNameErrorInMyAccountPage" time="17.858"/>
  <system-out/>
  <testcase classname="testScripts.MyAccountPageEditAddressPageTests" name="VerifyingEditAddressPageValidDetailsInMyAccountPage" time="22.035"/>
  <system-out/>
  <testcase classname="testScripts.MyAccountPageEditAddressPageTests" name="VerifyingEditAddressAddressBookLInkInMyAccountPage" time="20.864"/>
  <system-out/>
</testsuite> <!-- testScripts.MyAccountPageEditAddressPageTests -->
