<?xml version="1.0" encoding="UTF-8"?>
<!-- Generated by org.testng.reporters.JUnitReportReporter -->
<testsuite hostname="DESKTOP-CPG5TUI" failures="0" tests="5" name="testScripts.ContactUsPageTests" time="114.394" errors="0" timestamp="2024-03-22T15:45:41 IST" skipped="0">
  <testcase classname="testScripts.ContactUsPageTests" name="VerifyingTheCloseButtonOnContactUs" time="22.316"/>
  <system-out/>
  <testcase classname="testScripts.ContactUsPageTests" name="VerifyingTheErrorMessagesInEmptyFieldSubmissionInContactUs" time="24.416"/>
  <system-out/>
  <testcase classname="testScripts.ContactUsPageTests" name="VerifyingTheCloseOfContactUsAfterSubmittingTheCase" time="36.965"/>
  <system-out/>
  <testcase classname="testScripts.ContactUsPageTests" name="VerifyingTheInvalidErrorMessageWhileSubmission_InContactUs" time="10.750"/>
  <system-out/>
  <testcase classname="testScripts.ContactUsPageTests" name="VerifyingTheSubmissionOfCaseInContactUs" time="19.947"/>
  <system-out/>
</testsuite> <!-- testScripts.ContactUsPageTests -->
