<?xml version="1.0" encoding="UTF-8"?>
<!-- Generated by org.testng.reporters.JUnitReportReporter -->
<testsuite hostname="DESKTOP-CPG5TUI" failures="0" tests="11" name="testScripts.MyAccountPageOrderHistoryTests" time="0.012" errors="0" timestamp="2024-03-22T15:45:41 IST" skipped="0">
  <testcase classname="testScripts.MyAccountPageOrderHistoryTests" name="VerifingOrderHistoryPageInMyAccountPage" time="0.001"/>
  <system-out/>
  <testcase classname="testScripts.MyAccountPageOrderHistoryTests" name="VerifingBackToOrderHistoryLinkInOrderDetailPageFromOrderHistoryPageInMyAccountPage" time="0.001"/>
  <system-out/>
  <testcase classname="testScripts.MyAccountPageOrderHistoryTests" name="VerifingHomeLinkInOrderDetailPageFromOrderHistoryPageInMyAccountPage" time="0.000"/>
  <system-out/>
  <testcase classname="testScripts.MyAccountPageOrderHistoryTests" name="VerifingHomeLinkInOrderHistoryPageOnMyAccountPage" time="0.001"/>
  <system-out/>
  <testcase classname="testScripts.MyAccountPageOrderHistoryTests" name="VerifingMyAccountLinkInOrderHistoryPageOnMyAccountPage" time="0.000"/>
  <system-out/>
  <testcase classname="testScripts.MyAccountPageOrderHistoryTests" name="VerifingSelectFiltersInOrderHistoryPageOnMyAccountPage" time="0.000"/>
  <system-out/>
  <testcase classname="testScripts.MyAccountPageOrderHistoryTests" name="VerifingMyAccountLinkInOrderDetailPageFromOrderHistoryPageInMyAccountPage" time="0.004"/>
  <system-out/>
  <testcase classname="testScripts.MyAccountPageOrderHistoryTests" name="VerifingBackToMyAccountLinkInOrderHistoryPageOnMyAccountPage" time="0.000"/>
  <system-out/>
  <testcase classname="testScripts.MyAccountPageOrderHistoryTests" name="VerifingOrderHistoryLinkInOrderDetailPageFromOrderHistoryPageInMyAccountPage" time="0.001"/>
  <system-out/>
  <testcase classname="testScripts.MyAccountPageOrderHistoryTests" name="VerifingProductLinkInOrderDetailPageFromOrderHistoryPageInMyAccountPage" time="0.003"/>
  <system-out/>
  <testcase classname="testScripts.MyAccountPageOrderHistoryTests" name="VerifingViewLinkInOrderHistoryPageOnMyAccountPage" time="0.001"/>
  <system-out/>
</testsuite> <!-- testScripts.MyAccountPageOrderHistoryTests -->
