<?xml version="1.0" encoding="UTF-8"?>
<!-- Generated by org.testng.reporters.JUnitReportReporter -->
<testsuite hostname="DESKTOP-CPG5TUI" failures="0" tests="14" name="testScripts.MyAccountPageAddNewAddressPageFromABTests" time="308.192" errors="0" timestamp="2024-03-22T15:45:41 IST" skipped="0">
  <testcase classname="testScripts.MyAccountPageAddNewAddressPageFromABTests" name="VerifyingAddNewAddressPageAddressTitleErrorFromAddressBookInMyAccountPage" time="18.129"/>
  <system-out/>
  <testcase classname="testScripts.MyAccountPageAddNewAddressPageFromABTests" name="VerifyingAddNewAddressPageLastNameErrorFromAddressBookInMyAccountPage" time="19.121"/>
  <system-out/>
  <testcase classname="testScripts.MyAccountPageAddNewAddressPageFromABTests" name="VerifingHomePageLinkAddNewAddressPageFromAddressBookInMyAccountPage" time="19.872"/>
  <system-out/>
  <testcase classname="testScripts.MyAccountPageAddNewAddressPageFromABTests" name="VerifyingAddNewAddressPageEmptyFormFromAddressBookInMyAccountPage" time="27.346"/>
  <system-out/>
  <testcase classname="testScripts.MyAccountPageAddNewAddressPageFromABTests" name="VerifyingAddNewAddressPagePhoneErrorFromAddressBookInMyAccountPage" time="18.105"/>
  <system-out/>
  <testcase classname="testScripts.MyAccountPageAddNewAddressPageFromABTests" name="VerifyingAddNewAddressPageAddress1FromAddressBookInMyAccountPage" time="15.026"/>
  <system-out/>
  <testcase classname="testScripts.MyAccountPageAddNewAddressPageFromABTests" name="VerifingBackToMyAccountAddNewAddressPageFromAddressBookInMyAccountPage" time="19.492"/>
  <system-out/>
  <testcase classname="testScripts.MyAccountPageAddNewAddressPageFromABTests" name="VerifyingAddNewAddressPageViewFromAddressBookInMyAccountPage" time="20.570"/>
  <system-out/>
  <testcase classname="testScripts.MyAccountPageAddNewAddressPageFromABTests" name="VerifyingAddressBookLinkInAddNewAddressPageFromAddressBookInMyAccountPage" time="11.622"/>
  <system-out/>
  <testcase classname="testScripts.MyAccountPageAddNewAddressPageFromABTests" name="VerifingMyAccountLinkInAddNewAddressPageFromAddressBookInMyAccountPage" time="44.116"/>
  <system-out/>
  <testcase classname="testScripts.MyAccountPageAddNewAddressPageFromABTests" name="VerifyingAddNewAddressPageAddressTitleAlreadyExistsErrorFromAddressBookInMyAccountPage" time="21.255"/>
  <system-out/>
  <testcase classname="testScripts.MyAccountPageAddNewAddressPageFromABTests" name="VerifyingAddNewAddressPageValidDetailsFromAddressBookInMyAccountPage" time="23.273"/>
  <system-out/>
  <testcase classname="testScripts.MyAccountPageAddNewAddressPageFromABTests" name="VerifingCancelButtonAddNewAddressPageFromAddressBookInMyAccountPage" time="32.176"/>
  <system-out/>
  <testcase classname="testScripts.MyAccountPageAddNewAddressPageFromABTests" name="VerifyingAddNewAddressPageFirstNameErrorFromAddressBookInMyAccountPage" time="18.089"/>
  <system-out/>
</testsuite> <!-- testScripts.MyAccountPageAddNewAddressPageFromABTests -->
