<?xml version="1.0" encoding="UTF-8"?>
<!-- Generated by org.testng.reporters.JUnitReportReporter -->
<testsuite hostname="DESKTOP-CPG5TUI" failures="0" tests="1" name="testScripts.FooterSectionTests" time="13.807" errors="0" timestamp="2024-03-25T12:01:20 IST" skipped="0">
  <testcase classname="testScripts.FooterSectionTests" name="VerifingGiftCardLinkInFooter" time="13.807"/>
  <system-out/>
</testsuite> <!-- testScripts.FooterSectionTests -->
