<?xml version="1.0" encoding="UTF-8"?>
<!-- Generated by org.testng.reporters.JUnitReportReporter -->
<testsuite hostname="DESKTOP-CPG5TUI" failures="0" tests="9" name="testScripts.MyAccountPageChangePasswordTests" time="120.610" errors="0" timestamp="2024-03-22T15:45:41 IST" skipped="0">
  <testcase classname="testScripts.MyAccountPageChangePasswordTests" name="VerifyingChangePasswordPageInMyAccountPage" time="7.431"/>
  <system-out/>
  <testcase classname="testScripts.MyAccountPageChangePasswordTests" name="VerifingchangePwdMyAccountlinkInMyAccountPage" time="30.487"/>
  <system-out/>
  <testcase classname="testScripts.MyAccountPageChangePasswordTests" name="VerifyingChangechangepwdmissmatchInMyAccountPage" time="10.813"/>
  <system-out/>
  <testcase classname="testScripts.MyAccountPageChangePasswordTests" name="VerifingchangePwdBackToMyAccountInMyAccountPage" time="15.311"/>
  <system-out/>
  <testcase classname="testScripts.MyAccountPageChangePasswordTests" name="VerifingchangePwdHomeInMyAccountPage" time="7.988"/>
  <system-out/>
  <testcase classname="testScripts.MyAccountPageChangePasswordTests" name="VerifyingChangePasswordEmptyFormInMyAccountPage" time="12.151"/>
  <system-out/>
  <testcase classname="testScripts.MyAccountPageChangePasswordTests" name="VerifingchangePwdCancelInMyAccountPage" time="14.786"/>
  <system-out/>
  <testcase classname="testScripts.MyAccountPageChangePasswordTests" name="VerifyingChangePasswordpassworddoesnotMatchwithCurrentUserInMyAccountPage" time="10.872"/>
  <system-out/>
  <testcase classname="testScripts.MyAccountPageChangePasswordTests" name="VerifyingChangevalidPasswordInMyAccountPage" time="10.771"/>
  <system-out/>
</testsuite> <!-- testScripts.MyAccountPageChangePasswordTests -->
