<?xml version="1.0" encoding="UTF-8"?>
<!-- Generated by org.testng.reporters.JUnitReportReporter -->
<testsuite hostname="DESKTOP-CPG5TUI" failures="0" tests="2" name="testScripts.MyAccountPageTests" time="49.435" errors="0" timestamp="2024-03-25T12:01:20 IST" skipped="0">
  <testcase classname="testScripts.MyAccountPageTests" name="VerifingMyOrder" time="20.549"/>
  <system-out/>
  <testcase classname="testScripts.MyAccountPageTests" name="VerifingMyAccount" time="28.886"/>
  <system-out/>
</testsuite> <!-- testScripts.MyAccountPageTests -->
