<?xml version="1.0" encoding="UTF-8"?>
<!-- Generated by org.testng.reporters.JUnitReportReporter -->
<testsuite hostname="DESKTOP-CPG5TUI" failures="0" tests="10" name="testScripts.MyAccountPageGiftCardsTests" time="105.039" errors="0" timestamp="2024-03-22T15:45:41 IST" skipped="0">
  <testcase classname="testScripts.MyAccountPageGiftCardsTests" name="VerifyingGiftCardsInvalidInputInMyAccountPage" time="10.593"/>
  <system-out/>
  <testcase classname="testScripts.MyAccountPageGiftCardsTests" name="VerifyingGiftCardsCheckBalanceValidInputInMyAccountPage" time="10.458"/>
  <system-out/>
  <testcase classname="testScripts.MyAccountPageGiftCardsTests" name="VerifyingGiftCardsBlockViewInMyAccountPage" time="16.936"/>
  <system-out/>
  <testcase classname="testScripts.MyAccountPageGiftCardsTests" name="VerifyingGiftCardsCheckBalanceEmptyInputInMyAccountPage" time="7.288"/>
  <system-out/>
  <testcase classname="testScripts.MyAccountPageGiftCardsTests" name="VerifyingGiftCardsEmptyInputInMyAccountPage" time="7.297"/>
  <system-out/>
  <testcase classname="testScripts.MyAccountPageGiftCardsTests" name="VerifyingGiftCardsCheckBalanceInsufficientInputInMyAccountPage" time="10.455"/>
  <system-out/>
  <testcase classname="testScripts.MyAccountPageGiftCardsTests" name="VerifyingGiftCardsValidInputInMyAccountPage" time="10.485"/>
  <system-out/>
  <testcase classname="testScripts.MyAccountPageGiftCardsTests" name="VerifyingGiftCardsInsufficientInputInMyAccountPage" time="10.491"/>
  <system-out/>
  <testcase classname="testScripts.MyAccountPageGiftCardsTests" name="VerifyingGiftCardBelongstoDifferentCustomerInputInMyAccountPage" time="10.514"/>
  <system-out/>
  <testcase classname="testScripts.MyAccountPageGiftCardsTests" name="VerifyingGiftCardsCheckBalanceInvalidInputInMyAccountPage" time="10.522"/>
  <system-out/>
</testsuite> <!-- testScripts.MyAccountPageGiftCardsTests -->
