<?xml version="1.0" encoding="UTF-8"?>
<!-- Generated by org.testng.reporters.JUnitReportReporter -->
<testsuite hostname="DESKTOP-CPG5TUI" failures="0" tests="6" name="testScripts.ProductListingPageTest" time="136.537" errors="0" timestamp="2024-03-25T12:01:20 IST" skipped="0">
  <testcase classname="testScripts.ProductListingPageTest" name="VerifingProductLinkFunctionalityInPLP" time="15.572"/>
  <system-out/>
  <testcase classname="testScripts.ProductListingPageTest" name="VerifingaddToWishListFunctionalityInPLP" time="9.311"/>
  <system-out/>
  <testcase classname="testScripts.ProductListingPageTest" name="VerifingQuickshopBtnFunctionalityInPLP" time="18.545"/>
  <system-out/>
  <testcase classname="testScripts.ProductListingPageTest" name="VerifingFiltersFunctionalityInPLP" time="30.889"/>
  <system-out/>
  <testcase classname="testScripts.ProductListingPageTest" name="VerifingResetFunctionalityInPLP" time="42.137"/>
  <system-out/>
  <testcase classname="testScripts.ProductListingPageTest" name="VerifingSortByFunctionalityInPLP" time="20.083"/>
  <system-out/>
</testsuite> <!-- testScripts.ProductListingPageTest -->
