<?xml version="1.0" encoding="UTF-8"?>
<!-- Generated by org.testng.reporters.JUnitReportReporter -->
<testsuite hostname="DESKTOP-CPG5TUI" failures="0" tests="7" name="testScripts.MyAccountPageAddressBookTests" time="116.969" errors="0" timestamp="2024-03-22T15:45:41 IST" skipped="0">
  <testcase classname="testScripts.MyAccountPageAddressBookTests" name="VerifingAddressBookMyAccountlinkInMyAccountPage" time="35.553"/>
  <system-out/>
  <testcase classname="testScripts.MyAccountPageAddressBookTests" name="VerifyingMakeOneAddressAsaDefaultAddressInAddressBookPageInMyAccountPage" time="12.162"/>
  <system-out/>
  <testcase classname="testScripts.MyAccountPageAddressBookTests" name="VerifyingDeleteOneAddressformAddressBookPageInMyAccountPage" time="14.340"/>
  <system-out/>
  <testcase classname="testScripts.MyAccountPageAddressBookTests" name="VerifyingRemoveAddressCancelButtonEditAddressPageInMyAccountPage" time="24.069"/>
  <system-out/>
  <testcase classname="testScripts.MyAccountPageAddressBookTests" name="VerifyingViewAddressBookInMyAccountPage" time="0.019"/>
  <system-out/>
  <testcase classname="testScripts.MyAccountPageAddressBookTests" name="VerifingAddressBookHomeInMyAccountPage" time="10.697"/>
  <system-out/>
  <testcase classname="testScripts.MyAccountPageAddressBookTests" name="VerifingAddressBookBackToMyAccountInMyAccountPage" time="20.129"/>
  <system-out/>
</testsuite> <!-- testScripts.MyAccountPageAddressBookTests -->
