<?xml version="1.0" encoding="UTF-8"?>
<!-- Generated by org.testng.reporters.JUnitReportReporter -->
<testsuite hostname="DESKTOP-CPG5TUI" failures="0" tests="2" name="testScripts.CreateAccountPageTest" time="65.814" errors="0" timestamp="2024-03-25T12:01:20 IST" skipped="0">
  <testcase classname="testScripts.CreateAccountPageTest" name="VerifingCreateAccountLinkInLoginPage" time="44.444"/>
  <system-out/>
  <testcase classname="testScripts.CreateAccountPageTest" name="VerifyingCrateAccountwithValidDetatisOnCreatingAccountPage" time="21.370"/>
  <system-out/>
</testsuite> <!-- testScripts.CreateAccountPageTest -->
